> Task :checkKotlinGradlePluginConfigurationErrors SKIPPED
> Task :compileKotlin UP-TO-DATE
> Task :compileJava NO-SOURCE
> Task :processResources
> Task :classes
> Task :jar
> Task :compileTestKotlin UP-TO-DATE
> Task :compileTestJava NO-SOURCE
> Task :processTestResources NO-SOURCE
> Task :testClasses UP-TO-DATE
OpenJDK 64-Bit Server VM warning: Sharing is only supported for boot loader classes because bootstrap classpath has been appended

> Task :test

OsivBenchmarkTest > 커넥션 점유 시간 직접 측정 — HikariCP 메트릭 기반 FAILED
    org.hibernate.LazyInitializationException at OsivBenchmarkTest.kt:160

2026-03-07T15:27:35.065+09:00  INFO 57959 --- [kotlin-lab] [ionShutdownHook] j.LocalContainerEntityManagerFactoryBean : Closing JPA EntityManagerFactory for persistence unit 'default'
2026-03-07T15:27:35.067+09:00  INFO 57959 --- [kotlin-lab] [ionShutdownHook] com.zaxxer.hikari.HikariDataSource       : HikariPool-1 - Shutdown initiated...
2026-03-07T15:27:35.074+09:00  INFO 57959 --- [kotlin-lab] [ionShutdownHook] com.zaxxer.hikari.HikariDataSource       : HikariPool-1 - Shutdown completed.

> Task :test FAILED

3 tests completed, 1 failed

FAILURE: Build failed with an exception.

* What went wrong:
Execution failed for task ':test'.
> There were failing tests. See the report at: file:///Users/jinhyeongyu/toy/hyeonkyu-lab/kotlin-lab/build/reports/tests/test/index.html

* Try:
> Run with --scan to get full insights from a Build Scan (powered by Develocity).

BUILD FAILED in 1m 18s
5 actionable tasks: 3 executed, 2 up-to-date
